env path is : static/uploadfile//
2024/03/28 15:22:42 stat temp/logs: no such file or directory
2024-03-28 15:22:42.164+0800 info * => [0;0;32mwangdefeng:crkTp26rYNLP54s7@tcp(101.35.245.54:31279)/wangdefeng?charset=utf8&parseTime=True&loc=Local&timeout=1000ms[0m
2024-03-28 15:22:43.167+0800 gorm@v1.25.5/gorm.go:211 error [35m/Users/Apple/go/pkg/mod/github.com/go-admin-team/go-admin-core@v1.5.2-0.20231103105356-84418ed9252c/tools/database/config.go:39 [0m[31m[error] [0mfailed to initialize database, got error dial tcp 101.35.245.54:31279: i/o timeout
2024-03-28 15:22:43.167+0800 fatal [0;0;31mmysql connect error :[0mdial tcp 101.35.245.54:31279: i/o timeout
env path is : static/uploadfile//
2024-03-28 15:28:13.568+0800 info * => [0;0;32mwangdefeng:crkTp26rYNLP54s7@tcp(101.35.245.54:3306)/wangdefeng?charset=utf8&parseTime=True&loc=Local&timeout=1000ms[0m
2024-03-28 15:28:14.153+0800 info [0;0;32mmysql connect success ![0m
2024-03-28 15:28:14.239+0800 trace [32m/Users/Apple/go/pkg/mod/github.com/go-admin-team/gorm-adapter/v3@v3.7.8-0.20220809100335-eaf9f67b3d21/adapter.go:365 [0m[33m[85.541ms] [34;1m[rows:-][0m SELECT DATABASE()
2024-03-28 15:28:14.438+0800 trace [32m/Users/Apple/go/pkg/mod/github.com/go-admin-team/gorm-adapter/v3@v3.7.8-0.20220809100335-eaf9f67b3d21/adapter.go:365 [0m[33m[199.132ms] [34;1m[rows:1][0m SELECT SCHEMA_NAME from Information_schema.SCHEMATA where SCHEMA_NAME LIKE 'wangdefeng%' ORDER BY SCHEMA_NAME='wangdefeng' DESC,SCHEMA_NAME limit 1
2024-03-28 15:28:14.562+0800 trace [32m/Users/Apple/go/pkg/mod/github.com/go-admin-team/gorm-adapter/v3@v3.7.8-0.20220809100335-eaf9f67b3d21/adapter.go:365 [0m[33m[124.189ms] [34;1m[rows:-][0m SELECT count(*) FROM information_schema.tables WHERE table_schema = 'wangdefeng' AND table_name = 'sys_casbin_rule' AND table_type = 'BASE TABLE'
2024-03-28 15:28:14.665+0800 trace [32m/Users/Apple/go/pkg/mod/github.com/go-admin-team/gorm-adapter/v3@v3.7.8-0.20220809100335-eaf9f67b3d21/adapter.go:365 [0m[33m[102.026ms] [34;1m[rows:-][0m SELECT DATABASE()
2024-03-28 15:28:14.796+0800 trace [32m/Users/Apple/go/pkg/mod/github.com/go-admin-team/gorm-adapter/v3@v3.7.8-0.20220809100335-eaf9f67b3d21/adapter.go:365 [0m[33m[130.715ms] [34;1m[rows:1][0m SELECT SCHEMA_NAME from Information_schema.SCHEMATA where SCHEMA_NAME LIKE 'wangdefeng%' ORDER BY SCHEMA_NAME='wangdefeng' DESC,SCHEMA_NAME limit 1
2024-03-28 15:28:14.869+0800 trace [32m/Users/Apple/go/pkg/mod/github.com/go-admin-team/gorm-adapter/v3@v3.7.8-0.20220809100335-eaf9f67b3d21/adapter.go:365 [0m[33m[72.993ms] [34;1m[rows:-][0m SELECT * FROM `sys_casbin_rule` LIMIT 1
2024-03-28 15:28:14.955+0800 trace [32m/Users/Apple/go/pkg/mod/github.com/go-admin-team/gorm-adapter/v3@v3.7.8-0.20220809100335-eaf9f67b3d21/adapter.go:365 [0m[33m[85.352ms] [34;1m[rows:-][0m SELECT column_name, column_default, is_nullable = 'YES', data_type, character_maximum_length, column_type, column_key, extra, column_comment, numeric_precision, numeric_scale , datetime_precision FROM information_schema.columns WHERE table_schema = 'wangdefeng' AND table_name = 'sys_casbin_rule' ORDER BY ORDINAL_POSITION
2024-03-28 15:28:15.000+0800 trace [32m/Users/Apple/go/pkg/mod/github.com/go-admin-team/gorm-adapter/v3@v3.7.8-0.20220809100335-eaf9f67b3d21/adapter.go:371 [0m[33m[44.517ms] [34;1m[rows:-][0m SELECT DATABASE()
2024-03-28 15:28:15.100+0800 trace [32m/Users/Apple/go/pkg/mod/github.com/go-admin-team/gorm-adapter/v3@v3.7.8-0.20220809100335-eaf9f67b3d21/adapter.go:371 [0m[33m[100.095ms] [34;1m[rows:1][0m SELECT SCHEMA_NAME from Information_schema.SCHEMATA where SCHEMA_NAME LIKE 'wangdefeng%' ORDER BY SCHEMA_NAME='wangdefeng' DESC,SCHEMA_NAME limit 1
2024-03-28 15:28:15.235+0800 trace [32m/Users/Apple/go/pkg/mod/github.com/go-admin-team/gorm-adapter/v3@v3.7.8-0.20220809100335-eaf9f67b3d21/adapter.go:371 [0m[33m[134.371ms] [34;1m[rows:-][0m SELECT count(*) FROM information_schema.statistics WHERE table_schema = 'wangdefeng' AND table_name = 'sys_casbin_rule' AND index_name = 'idx_sys_casbin_rule'
2024-03-28 15:28:15.322+0800 trace [32m/Users/Apple/go/pkg/mod/github.com/go-admin-team/gorm-adapter/v3@v3.7.8-0.20220809100335-eaf9f67b3d21/adapter.go:415 [0m[33m[87.403ms] [34;1m[rows:0][0m SELECT * FROM `sys_casbin_rule` ORDER BY ID
2024-03-28 15:28:15.382+0800 trace [32m/Users/Apple/go/pkg/mod/github.com/go-admin-team/gorm-adapter/v3@v3.7.8-0.20220809100335-eaf9f67b3d21/adapter.go:415 [0m[33m[59.217ms] [34;1m[rows:0][0m SELECT * FROM `sys_casbin_rule` ORDER BY ID
2024/03/28 15:28:15 config init
2024/03/28 15:28:15 starting api server...
[GIN-debug] [WARNING] Running in "debug" mode. Switch to "release" mode in production.
 - using env:	export GIN_MODE=release
 - using code:	gin.SetMode(gin.ReleaseMode)

{"timestamp":"2024-03-28 15:28:15.15280","caller":"rule_manager.go:102","logLevel":"INFO","msg":"[SystemRuleManager] System rules loaded","rules":{"3":[{"metricType":3,"triggerCount":200,"strategy":1}]}}
[GIN-debug] GET    /api/v1/sysjob            --> go-admin/app/jobs/router.registerSysJobRouter.IndexAction.func6 (14 handlers)
[GIN-debug] GET    /api/v1/sysjob/:id        --> go-admin/app/jobs/router.registerSysJobRouter.ViewAction.func8 (14 handlers)
[GIN-debug] POST   /api/v1/sysjob            --> go-admin/app/jobs/router.registerSysJobRouter.CreateAction.func9 (13 handlers)
[GIN-debug] PUT    /api/v1/sysjob            --> go-admin/app/jobs/router.registerSysJobRouter.UpdateAction.func11 (14 handlers)
[GIN-debug] DELETE /api/v1/sysjob            --> go-admin/app/jobs/router.registerSysJobRouter.DeleteAction.func13 (14 handlers)
[GIN-debug] GET    /api/v1/job/remove/:id    --> go-admin/app/jobs/apis.SysJob.RemoveJobForService-fm (11 handlers)
[GIN-debug] GET    /api/v1/job/start/:id     --> go-admin/app/jobs/apis.SysJob.StartJobForService-fm (11 handlers)
[GIN-debug] GET    /api/v1/metrics           --> go-admin/app/other/router.registerMonitorRouter.Handler.func2 (11 handlers)
[GIN-debug] GET    /api/v1/health            --> go-admin/app/other/router.registerMonitorRouter.func1 (11 handlers)
[GIN-debug] POST   /api/v1/public/uploadFile --> go-admin/app/other/apis.File.UploadFile-fm (12 handlers)
[GIN-debug] GET    /api/v1/captcha           --> go-admin/app/admin/apis.System.GenerateCaptchaHandler-fm (11 handlers)
[GIN-debug] GET    /api/v1/gen/preview/:tableId --> go-admin/app/other/apis/tools.Gen.Preview-fm (12 handlers)
[GIN-debug] GET    /api/v1/gen/toproject/:tableId --> go-admin/app/other/apis/tools.Gen.GenCode-fm (12 handlers)
[GIN-debug] GET    /api/v1/gen/apitofile/:tableId --> go-admin/app/other/apis/tools.Gen.GenApiToFile-fm (12 handlers)
[GIN-debug] GET    /api/v1/gen/todb/:tableId --> go-admin/app/other/apis/tools.Gen.GenMenuAndApi-fm (12 handlers)
[GIN-debug] GET    /api/v1/gen/tabletree     --> go-admin/app/other/apis/tools.SysTable.GetSysTablesTree-fm (12 handlers)
[GIN-debug] GET    /api/v1/db/tables/page    --> go-admin/app/other/apis/tools.Gen.GetDBTableList-fm (12 handlers)
[GIN-debug] GET    /api/v1/db/columns/page   --> go-admin/app/other/apis/tools.Gen.GetDBColumnList-fm (12 handlers)
[GIN-debug] GET    /api/v1/sys/tables/page   --> go-admin/app/other/apis/tools.SysTable.GetPage-fm (12 handlers)
[GIN-debug] POST   /api/v1/sys/tables/info   --> go-admin/app/other/apis/tools.SysTable.Insert-fm (12 handlers)
[GIN-debug] PUT    /api/v1/sys/tables/info   --> go-admin/app/other/apis/tools.SysTable.Update-fm (12 handlers)
[GIN-debug] DELETE /api/v1/sys/tables/info/:tableId --> go-admin/app/other/apis/tools.SysTable.Delete-fm (12 handlers)
[GIN-debug] GET    /api/v1/sys/tables/info/:tableId --> go-admin/app/other/apis/tools.SysTable.Get-fm (12 handlers)
[GIN-debug] GET    /api/v1/sys/tables/info   --> go-admin/app/other/apis/tools.SysTable.GetSysTablesInfo-fm (12 handlers)
[GIN-debug] GET    /api/v1/server-monitor    --> go-admin/app/other/apis.ServerMonitor.ServerInfo-fm (13 handlers)
[GIN-debug] GET    /                         --> go-admin/app/admin/apis.GoAdmin (11 handlers)
[GIN-debug] GET    /info                     --> go-admin/common/middleware/handler.Ping (11 handlers)
2024/03/28 15:28:15 websocket manage start
[GIN-debug] GET    /static/*filepath         --> github.com/gin-gonic/gin.(*RouterGroup).createStaticHandler.func1 (11 handlers)
[GIN-debug] HEAD   /static/*filepath         --> github.com/gin-gonic/gin.(*RouterGroup).createStaticHandler.func1 (11 handlers)
[GIN-debug] GET    /form-generator/*filepath --> github.com/gin-gonic/gin.(*RouterGroup).createStaticHandler.func1 (11 handlers)
[GIN-debug] HEAD   /form-generator/*filepath --> github.com/gin-gonic/gin.(*RouterGroup).createStaticHandler.func1 (11 handlers)
[GIN-debug] GET    /swagger/admin/*any       --> github.com/swaggo/gin-swagger.CustomWrapHandler.func1 (11 handlers)
[GIN-debug] GET    /ws/:id/:channel          --> github.com/go-admin-team/go-admin-core/sdk/pkg/ws.(*Manager).WsClient-fm (12 handlers)
[GIN-debug] GET    /wslogout/:id/:channel    --> github.com/go-admin-team/go-admin-core/sdk/pkg/ws.(*Manager).UnWsClient-fm (12 handlers)
[GIN-debug] POST   /api/v1/login             --> github.com/go-admin-team/go-admin-core/sdk/pkg/jwtauth.(*GinJWTMiddleware).LoginHandler-fm (11 handlers)
[GIN-debug] GET    /api/v1/refresh_token     --> github.com/go-admin-team/go-admin-core/sdk/pkg/jwtauth.(*GinJWTMiddleware).RefreshHandler-fm (11 handlers)
[GIN-debug] GET    /api/v1/roleMenuTreeselect/:roleId --> go-admin/app/admin/apis.SysMenu.GetMenuTreeSelect-fm (13 handlers)
[GIN-debug] GET    /api/v1/roleDeptTreeselect/:roleId --> go-admin/app/admin/apis.SysDept.GetDeptTreeRoleSelect-fm (13 handlers)
[GIN-debug] POST   /api/v1/logout            --> go-admin/common/middleware/handler.LogOut (13 handlers)
[GIN-debug] GET    /api/v1/sys-api           --> go-admin/app/admin/apis.SysApi.GetPage-fm (13 handlers)
[GIN-debug] GET    /api/v1/sys-api/:id       --> go-admin/app/admin/apis.SysApi.Get-fm (13 handlers)
[GIN-debug] PUT    /api/v1/sys-api/:id       --> go-admin/app/admin/apis.SysApi.Update-fm (13 handlers)
[GIN-debug] GET    /api/v1/config            --> go-admin/app/admin/apis.SysConfig.GetPage-fm (13 handlers)
[GIN-debug] GET    /api/v1/config/:id        --> go-admin/app/admin/apis.SysConfig.Get-fm (13 handlers)
[GIN-debug] POST   /api/v1/config            --> go-admin/app/admin/apis.SysConfig.Insert-fm (13 handlers)
[GIN-debug] PUT    /api/v1/config/:id        --> go-admin/app/admin/apis.SysConfig.Update-fm (13 handlers)
[GIN-debug] DELETE /api/v1/config            --> go-admin/app/admin/apis.SysConfig.Delete-fm (13 handlers)
[GIN-debug] GET    /api/v1/configKey/:configKey --> go-admin/app/admin/apis.SysConfig.GetSysConfigByKEYForService-fm (12 handlers)
[GIN-debug] GET    /api/v1/app-config        --> go-admin/app/admin/apis.SysConfig.Get2SysApp-fm (11 handlers)
[GIN-debug] PUT    /api/v1/set-config        --> go-admin/app/admin/apis.SysConfig.Update2Set-fm (12 handlers)
[GIN-debug] GET    /api/v1/set-config        --> go-admin/app/admin/apis.SysConfig.Get2Set-fm (12 handlers)
[GIN-debug] GET    /api/v1/dept              --> go-admin/app/admin/apis.SysDept.GetPage-fm (13 handlers)
[GIN-debug] GET    /api/v1/dept/:id          --> go-admin/app/admin/apis.SysDept.Get-fm (13 handlers)
[GIN-debug] POST   /api/v1/dept              --> go-admin/app/admin/apis.SysDept.Insert-fm (13 handlers)
[GIN-debug] PUT    /api/v1/dept/:id          --> go-admin/app/admin/apis.SysDept.Update-fm (13 handlers)
[GIN-debug] DELETE /api/v1/dept              --> go-admin/app/admin/apis.SysDept.Delete-fm (13 handlers)
[GIN-debug] GET    /api/v1/deptTree          --> go-admin/app/admin/apis.SysDept.Get2Tree-fm (12 handlers)
[GIN-debug] GET    /api/v1/dict/data         --> go-admin/app/admin/apis.SysDictData.GetPage-fm (13 handlers)
[GIN-debug] GET    /api/v1/dict/data/:dictCode --> go-admin/app/admin/apis.SysDictData.Get-fm (13 handlers)
[GIN-debug] POST   /api/v1/dict/data         --> go-admin/app/admin/apis.SysDictData.Insert-fm (13 handlers)
[GIN-debug] PUT    /api/v1/dict/data/:dictCode --> go-admin/app/admin/apis.SysDictData.Update-fm (13 handlers)
[GIN-debug] DELETE /api/v1/dict/data         --> go-admin/app/admin/apis.SysDictData.Delete-fm (13 handlers)
[GIN-debug] GET    /api/v1/dict/type-option-select --> go-admin/app/admin/apis.SysDictType.GetAll-fm (13 handlers)
[GIN-debug] GET    /api/v1/dict/type         --> go-admin/app/admin/apis.SysDictType.GetPage-fm (13 handlers)
[GIN-debug] GET    /api/v1/dict/type/:id     --> go-admin/app/admin/apis.SysDictType.Get-fm (13 handlers)
[GIN-debug] POST   /api/v1/dict/type         --> go-admin/app/admin/apis.SysDictType.Insert-fm (13 handlers)
[GIN-debug] PUT    /api/v1/dict/type/:id     --> go-admin/app/admin/apis.SysDictType.Update-fm (13 handlers)
[GIN-debug] DELETE /api/v1/dict/type         --> go-admin/app/admin/apis.SysDictType.Delete-fm (13 handlers)
[GIN-debug] GET    /api/v1/dict-data/option-select --> go-admin/app/admin/apis.SysDictData.GetAll-fm (13 handlers)
[GIN-debug] GET    /api/v1/sys-login-log     --> go-admin/app/admin/apis.SysLoginLog.GetPage-fm (13 handlers)
[GIN-debug] GET    /api/v1/sys-login-log/:id --> go-admin/app/admin/apis.SysLoginLog.Get-fm (13 handlers)
[GIN-debug] DELETE /api/v1/sys-login-log     --> go-admin/app/admin/apis.SysLoginLog.Delete-fm (13 handlers)
[GIN-debug] GET    /api/v1/menu              --> go-admin/app/admin/apis.SysMenu.GetPage-fm (13 handlers)
[GIN-debug] GET    /api/v1/menu/:id          --> go-admin/app/admin/apis.SysMenu.Get-fm (13 handlers)
[GIN-debug] POST   /api/v1/menu              --> go-admin/app/admin/apis.SysMenu.Insert-fm (13 handlers)
[GIN-debug] PUT    /api/v1/menu/:id          --> go-admin/app/admin/apis.SysMenu.Update-fm (13 handlers)
[GIN-debug] DELETE /api/v1/menu              --> go-admin/app/admin/apis.SysMenu.Delete-fm (13 handlers)
[GIN-debug] GET    /api/v1/menurole          --> go-admin/app/admin/apis.SysMenu.GetMenuRole-fm (12 handlers)
[GIN-debug] GET    /api/v1/sys-opera-log     --> go-admin/app/admin/apis.SysOperaLog.GetPage-fm (13 handlers)
[GIN-debug] GET    /api/v1/sys-opera-log/:id --> go-admin/app/admin/apis.SysOperaLog.Get-fm (13 handlers)
[GIN-debug] DELETE /api/v1/sys-opera-log     --> go-admin/app/admin/apis.SysOperaLog.Delete-fm (13 handlers)
[GIN-debug] GET    /api/v1/post              --> go-admin/app/admin/apis.SysPost.GetPage-fm (13 handlers)
[GIN-debug] GET    /api/v1/post/:id          --> go-admin/app/admin/apis.SysPost.Get-fm (13 handlers)
[GIN-debug] POST   /api/v1/post              --> go-admin/app/admin/apis.SysPost.Insert-fm (13 handlers)
[GIN-debug] PUT    /api/v1/post/:id          --> go-admin/app/admin/apis.SysPost.Update-fm (13 handlers)
[GIN-debug] DELETE /api/v1/post              --> go-admin/app/admin/apis.SysPost.Delete-fm (13 handlers)
[GIN-debug] GET    /api/v1/role              --> go-admin/app/admin/apis.SysRole.GetPage-fm (13 handlers)
[GIN-debug] GET    /api/v1/role/:id          --> go-admin/app/admin/apis.SysRole.Get-fm (13 handlers)
[GIN-debug] POST   /api/v1/role              --> go-admin/app/admin/apis.SysRole.Insert-fm (13 handlers)
[GIN-debug] PUT    /api/v1/role/:id          --> go-admin/app/admin/apis.SysRole.Update-fm (13 handlers)
[GIN-debug] DELETE /api/v1/role              --> go-admin/app/admin/apis.SysRole.Delete-fm (13 handlers)
[GIN-debug] PUT    /api/v1/role-status       --> go-admin/app/admin/apis.SysRole.Update2Status-fm (12 handlers)
[GIN-debug] PUT    /api/v1/roledatascope     --> go-admin/app/admin/apis.SysRole.Update2DataScope-fm (12 handlers)
[GIN-debug] GET    /api/v1/sys-user          --> go-admin/app/admin/apis.SysUser.GetPage-fm (14 handlers)
[GIN-debug] GET    /api/v1/sys-user/:id      --> go-admin/app/admin/apis.SysUser.Get-fm (14 handlers)
[GIN-debug] POST   /api/v1/sys-user          --> go-admin/app/admin/apis.SysUser.Insert-fm (14 handlers)
[GIN-debug] PUT    /api/v1/sys-user          --> go-admin/app/admin/apis.SysUser.Update-fm (14 handlers)
[GIN-debug] DELETE /api/v1/sys-user          --> go-admin/app/admin/apis.SysUser.Delete-fm (14 handlers)
[GIN-debug] GET    /api/v1/user/profile      --> go-admin/app/admin/apis.SysUser.GetProfile-fm (14 handlers)
[GIN-debug] POST   /api/v1/user/avatar       --> go-admin/app/admin/apis.SysUser.InsetAvatar-fm (14 handlers)
[GIN-debug] PUT    /api/v1/user/pwd/set      --> go-admin/app/admin/apis.SysUser.UpdatePwd-fm (14 handlers)
[GIN-debug] PUT    /api/v1/user/pwd/reset    --> go-admin/app/admin/apis.SysUser.ResetPwd-fm (14 handlers)
[GIN-debug] PUT    /api/v1/user/status       --> go-admin/app/admin/apis.SysUser.UpdateStatus-fm (14 handlers)
[GIN-debug] GET    /api/v1/getinfo           --> go-admin/app/admin/apis.SysUser.GetInfo-fm (12 handlers)
2024-03-28 15:28:15  [INFO] JobCore Starting...
欢迎使用 [0;0;32m后台管理系统 2.1.2[0m 可以使用 [0;0;31m-h[0m 查看命令 

[0;0;32mServer run at:[0m
-  Local:   http://localhost:8010/ 
-  Network: http://192.168.8.194:8010/ 
[0;0;32mSwagger run at:[0m
-  Local:   http://localhost:8010/swagger/admin/index.html 
-  Network: http://192.168.8.194:8010/swagger/admin/index.html 
2024-03-28 15:28:15 Enter Control + C Shutdown Server 
2024-03-28 15:28:15.485+0800 trace [32m/Users/Apple/defeng/kuaiyin/kuaiyin-admin/app/jobs/models/sys_job.go:48 [0m[33m[97.639ms] [34;1m[rows:0][0m SELECT * FROM `sys_job` WHERE status = 2 AND `sys_job`.`deleted_at` IS NULL
2024-03-28 15:28:15  [INFO] JobCore total:0
2024-03-28 15:28:15.816+0800 trace [32m/Users/Apple/defeng/kuaiyin/kuaiyin-admin/app/jobs/models/sys_job.go:57 [0m[33m[331.198ms] [34;1m[rows:0][0m UPDATE `sys_job` SET `entry_id`=0 WHERE entry_id > 0
2024-03-28 15:28:15  [INFO] JobCore start success.
2024-03-28 15:28:15.817+0800 trace [32m/Users/Apple/defeng/kuaiyin/kuaiyin-admin/app/admin/models/sys_api.go:80 [0m[33m[426.489ms] [34;1m[rows:1][0m SELECT * FROM `sys_api` WHERE `sys_api`.`path` = '/' AND `sys_api`.`action` = 'GET' AND `sys_api`.`deleted_at` IS NULL ORDER BY `sys_api`.`id` LIMIT 1
2024-03-28 15:28:15.984+0800 trace [32m/Users/Apple/defeng/kuaiyin/kuaiyin-admin/app/admin/models/sys_api.go:80 [0m[33m[163.716ms] [34;1m[rows:1][0m SELECT * FROM `sys_api` WHERE `sys_api`.`path` = '/api/v1/sys-api' AND `sys_api`.`action` = 'GET' AND `sys_api`.`deleted_at` IS NULL ORDER BY `sys_api`.`id` LIMIT 1
2024-03-28 15:28:16.306+0800 trace [32m/Users/Apple/defeng/kuaiyin/kuaiyin-admin/app/admin/models/sys_api.go:80 [0m[33m[318.130ms] [34;1m[rows:1][0m SELECT * FROM `sys_api` WHERE `sys_api`.`path` = '/api/v1/sys-api/:id' AND `sys_api`.`action` = 'GET' AND `sys_api`.`deleted_at` IS NULL ORDER BY `sys_api`.`id` LIMIT 1
2024-03-28 15:28:16.445+0800 trace [32m/Users/Apple/defeng/kuaiyin/kuaiyin-admin/app/admin/models/sys_api.go:80 [0m[33m[135.974ms] [34;1m[rows:1][0m SELECT * FROM `sys_api` WHERE `sys_api`.`path` = '/api/v1/sys-login-log' AND `sys_api`.`action` = 'GET' AND `sys_api`.`deleted_at` IS NULL ORDER BY `sys_api`.`id` LIMIT 1
2024-03-28 15:28:16.572+0800 trace [32m/Users/Apple/defeng/kuaiyin/kuaiyin-admin/app/admin/models/sys_api.go:80 [0m[33m[122.092ms] [34;1m[rows:1][0m SELECT * FROM `sys_api` WHERE `sys_api`.`path` = '/api/v1/sys-login-log/:id' AND `sys_api`.`action` = 'GET' AND `sys_api`.`deleted_at` IS NULL ORDER BY `sys_api`.`id` LIMIT 1
2024-03-28 15:28:16.685+0800 trace [32m/Users/Apple/defeng/kuaiyin/kuaiyin-admin/app/admin/models/sys_api.go:80 [0m[33m[109.716ms] [34;1m[rows:1][0m SELECT * FROM `sys_api` WHERE `sys_api`.`path` = '/api/v1/sys-opera-log' AND `sys_api`.`action` = 'GET' AND `sys_api`.`deleted_at` IS NULL ORDER BY `sys_api`.`id` LIMIT 1
2024-03-28 15:28:16.866+0800 trace [32m/Users/Apple/defeng/kuaiyin/kuaiyin-admin/app/admin/models/sys_api.go:80 [0m[33m[177.686ms] [34;1m[rows:1][0m SELECT * FROM `sys_api` WHERE `sys_api`.`path` = '/api/v1/sys-opera-log/:id' AND `sys_api`.`action` = 'GET' AND `sys_api`.`deleted_at` IS NULL ORDER BY `sys_api`.`id` LIMIT 1
2024-03-28 15:28:17.020+0800 trace [32m/Users/Apple/defeng/kuaiyin/kuaiyin-admin/app/admin/models/sys_api.go:80 [0m[33m[150.084ms] [34;1m[rows:1][0m SELECT * FROM `sys_api` WHERE `sys_api`.`path` = '/api/v1/sys-user' AND `sys_api`.`action` = 'GET' AND `sys_api`.`deleted_at` IS NULL ORDER BY `sys_api`.`id` LIMIT 1
2024-03-28 15:28:17.175+0800 trace [32m/Users/Apple/defeng/kuaiyin/kuaiyin-admin/app/admin/models/sys_api.go:80 [0m[33m[151.303ms] [34;1m[rows:1][0m SELECT * FROM `sys_api` WHERE `sys_api`.`path` = '/api/v1/sys-user/:id' AND `sys_api`.`action` = 'GET' AND `sys_api`.`deleted_at` IS NULL ORDER BY `sys_api`.`id` LIMIT 1
2024-03-28 15:28:17.522+0800 trace [32m/Users/Apple/defeng/kuaiyin/kuaiyin-admin/app/admin/models/sys_api.go:80 [0m[33m[343.392ms] [34;1m[rows:1][0m SELECT * FROM `sys_api` WHERE `sys_api`.`path` = '/api/v1/sys/tables/info' AND `sys_api`.`action` = 'GET' AND `sys_api`.`deleted_at` IS NULL ORDER BY `sys_api`.`id` LIMIT 1
2024-03-28 15:28:17.794+0800 trace [32m/Users/Apple/defeng/kuaiyin/kuaiyin-admin/app/admin/models/sys_api.go:80 [0m[33m[269.131ms] [34;1m[rows:1][0m SELECT * FROM `sys_api` WHERE `sys_api`.`path` = '/api/v1/sys/tables/info/:tableId' AND `sys_api`.`action` = 'GET' AND `sys_api`.`deleted_at` IS NULL ORDER BY `sys_api`.`id` LIMIT 1
2024-03-28 15:28:17.880+0800 trace [32m/Users/Apple/defeng/kuaiyin/kuaiyin-admin/app/admin/models/sys_api.go:80 [0m[33m[81.366ms] [34;1m[rows:1][0m SELECT * FROM `sys_api` WHERE `sys_api`.`path` = '/api/v1/sys/tables/page' AND `sys_api`.`action` = 'GET' AND `sys_api`.`deleted_at` IS NULL ORDER BY `sys_api`.`id` LIMIT 1
2024-03-28 15:28:17.996+0800 trace [32m/Users/Apple/defeng/kuaiyin/kuaiyin-admin/app/admin/models/sys_api.go:80 [0m[33m[111.328ms] [34;1m[rows:1][0m SELECT * FROM `sys_api` WHERE `sys_api`.`path` = '/api/v1/sysjob' AND `sys_api`.`action` = 'GET' AND `sys_api`.`deleted_at` IS NULL ORDER BY `sys_api`.`id` LIMIT 1
2024-03-28 15:28:18.138+0800 trace [32m/Users/Apple/defeng/kuaiyin/kuaiyin-admin/app/admin/models/sys_api.go:80 [0m[33m[137.705ms] [34;1m[rows:1][0m SELECT * FROM `sys_api` WHERE `sys_api`.`path` = '/api/v1/sysjob/:id' AND `sys_api`.`action` = 'GET' AND `sys_api`.`deleted_at` IS NULL ORDER BY `sys_api`.`id` LIMIT 1
2024-03-28 15:28:18.338+0800 trace [32m/Users/Apple/defeng/kuaiyin/kuaiyin-admin/app/admin/models/sys_api.go:80 [0m[33m[195.964ms] [34;1m[rows:1][0m SELECT * FROM `sys_api` WHERE `sys_api`.`path` = '/api/v1/server-monitor' AND `sys_api`.`action` = 'GET' AND `sys_api`.`deleted_at` IS NULL ORDER BY `sys_api`.`id` LIMIT 1
2024-03-28 15:28:18.479+0800 trace [32m/Users/Apple/defeng/kuaiyin/kuaiyin-admin/app/admin/models/sys_api.go:80 [0m[33m[137.724ms] [34;1m[rows:1][0m SELECT * FROM `sys_api` WHERE `sys_api`.`path` = '/api/v1/set-config' AND `sys_api`.`action` = 'GET' AND `sys_api`.`deleted_at` IS NULL ORDER BY `sys_api`.`id` LIMIT 1
2024-03-28 15:28:18.575+0800 trace [32m/Users/Apple/defeng/kuaiyin/kuaiyin-admin/app/admin/models/sys_api.go:80 [0m[33m[91.293ms] [34;1m[rows:1][0m SELECT * FROM `sys_api` WHERE `sys_api`.`path` = '/api/v1/dict/type' AND `sys_api`.`action` = 'GET' AND `sys_api`.`deleted_at` IS NULL ORDER BY `sys_api`.`id` LIMIT 1
2024-03-28 15:28:18.739+0800 trace [32m/Users/Apple/defeng/kuaiyin/kuaiyin-admin/app/admin/models/sys_api.go:80 [0m[33m[157.185ms] [34;1m[rows:1][0m SELECT * FROM `sys_api` WHERE `sys_api`.`path` = '/api/v1/dict/type-option-select' AND `sys_api`.`action` = 'GET' AND `sys_api`.`deleted_at` IS NULL ORDER BY `sys_api`.`id` LIMIT 1
2024-03-28 15:28:18.838+0800 trace [32m/Users/Apple/defeng/kuaiyin/kuaiyin-admin/app/admin/models/sys_api.go:80 [0m[33m[96.182ms] [34;1m[rows:1][0m SELECT * FROM `sys_api` WHERE `sys_api`.`path` = '/api/v1/dict/type/:id' AND `sys_api`.`action` = 'GET' AND `sys_api`.`deleted_at` IS NULL ORDER BY `sys_api`.`id` LIMIT 1
2024-03-28 15:28:18.992+0800 trace [32m/Users/Apple/defeng/kuaiyin/kuaiyin-admin/app/admin/models/sys_api.go:80 [0m[33m[150.809ms] [34;1m[rows:1][0m SELECT * FROM `sys_api` WHERE `sys_api`.`path` = '/api/v1/dict/data' AND `sys_api`.`action` = 'GET' AND `sys_api`.`deleted_at` IS NULL ORDER BY `sys_api`.`id` LIMIT 1
2024-03-28 15:28:19.091+0800 trace [32m/Users/Apple/defeng/kuaiyin/kuaiyin-admin/app/admin/models/sys_api.go:80 [0m[33m[96.191ms] [34;1m[rows:1][0m SELECT * FROM `sys_api` WHERE `sys_api`.`path` = '/api/v1/dict/data/:dictCode' AND `sys_api`.`action` = 'GET' AND `sys_api`.`deleted_at` IS NULL ORDER BY `sys_api`.`id` LIMIT 1
2024-03-28 15:28:19.378+0800 trace [32m/Users/Apple/defeng/kuaiyin/kuaiyin-admin/app/admin/models/sys_api.go:80 [0m[33m[285.069ms] [34;1m[rows:1][0m SELECT * FROM `sys_api` WHERE `sys_api`.`path` = '/api/v1/dict-data/option-select' AND `sys_api`.`action` = 'GET' AND `sys_api`.`deleted_at` IS NULL ORDER BY `sys_api`.`id` LIMIT 1
2024-03-28 15:28:19.477+0800 trace [32m/Users/Apple/defeng/kuaiyin/kuaiyin-admin/app/admin/models/sys_api.go:80 [0m[33m[94.025ms] [34;1m[rows:1][0m SELECT * FROM `sys_api` WHERE `sys_api`.`path` = '/api/v1/dept' AND `sys_api`.`action` = 'GET' AND `sys_api`.`deleted_at` IS NULL ORDER BY `sys_api`.`id` LIMIT 1
2024-03-28 15:28:19.638+0800 trace [32m/Users/Apple/defeng/kuaiyin/kuaiyin-admin/app/admin/models/sys_api.go:80 [0m[33m[158.095ms] [34;1m[rows:1][0m SELECT * FROM `sys_api` WHERE `sys_api`.`path` = '/api/v1/dept/:id' AND `sys_api`.`action` = 'GET' AND `sys_api`.`deleted_at` IS NULL ORDER BY `sys_api`.`id` LIMIT 1
2024-03-28 15:28:19.837+0800 trace [32m/Users/Apple/defeng/kuaiyin/kuaiyin-admin/app/admin/models/sys_api.go:80 [0m[33m[195.732ms] [34;1m[rows:1][0m SELECT * FROM `sys_api` WHERE `sys_api`.`path` = '/api/v1/deptTree' AND `sys_api`.`action` = 'GET' AND `sys_api`.`deleted_at` IS NULL ORDER BY `sys_api`.`id` LIMIT 1
2024-03-28 15:28:19.950+0800 trace [32m/Users/Apple/defeng/kuaiyin/kuaiyin-admin/app/admin/models/sys_api.go:80 [0m[33m[109.069ms] [34;1m[rows:1][0m SELECT * FROM `sys_api` WHERE `sys_api`.`path` = '/api/v1/db/tables/page' AND `sys_api`.`action` = 'GET' AND `sys_api`.`deleted_at` IS NULL ORDER BY `sys_api`.`id` LIMIT 1
2024-03-28 15:28:20.063+0800 trace [32m/Users/Apple/defeng/kuaiyin/kuaiyin-admin/app/admin/models/sys_api.go:80 [0m[33m[109.830ms] [34;1m[rows:1][0m SELECT * FROM `sys_api` WHERE `sys_api`.`path` = '/api/v1/db/columns/page' AND `sys_api`.`action` = 'GET' AND `sys_api`.`deleted_at` IS NULL ORDER BY `sys_api`.`id` LIMIT 1
2024-03-28 15:28:20.163+0800 trace [32m/Users/Apple/defeng/kuaiyin/kuaiyin-admin/app/admin/models/sys_api.go:80 [0m[33m[96.016ms] [34;1m[rows:1][0m SELECT * FROM `sys_api` WHERE `sys_api`.`path` = '/api/v1/gen/toproject/:tableId' AND `sys_api`.`action` = 'GET' AND `sys_api`.`deleted_at` IS NULL ORDER BY `sys_api`.`id` LIMIT 1
2024-03-28 15:28:20.282+0800 trace [32m/Users/Apple/defeng/kuaiyin/kuaiyin-admin/app/admin/models/sys_api.go:80 [0m[33m[115.095ms] [34;1m[rows:1][0m SELECT * FROM `sys_api` WHERE `sys_api`.`path` = '/api/v1/gen/todb/:tableId' AND `sys_api`.`action` = 'GET' AND `sys_api`.`deleted_at` IS NULL ORDER BY `sys_api`.`id` LIMIT 1
2024-03-28 15:28:20.394+0800 trace [32m/Users/Apple/defeng/kuaiyin/kuaiyin-admin/app/admin/models/sys_api.go:80 [0m[33m[109.235ms] [34;1m[rows:1][0m SELECT * FROM `sys_api` WHERE `sys_api`.`path` = '/api/v1/gen/tabletree' AND `sys_api`.`action` = 'GET' AND `sys_api`.`deleted_at` IS NULL ORDER BY `sys_api`.`id` LIMIT 1
2024-03-28 15:28:20.495+0800 trace [32m/Users/Apple/defeng/kuaiyin/kuaiyin-admin/app/admin/models/sys_api.go:80 [0m[33m[97.338ms] [34;1m[rows:1][0m SELECT * FROM `sys_api` WHERE `sys_api`.`path` = '/api/v1/gen/preview/:tableId' AND `sys_api`.`action` = 'GET' AND `sys_api`.`deleted_at` IS NULL ORDER BY `sys_api`.`id` LIMIT 1
2024-03-28 15:28:20.586+0800 trace [32m/Users/Apple/defeng/kuaiyin/kuaiyin-admin/app/admin/models/sys_api.go:80 [0m[33m[86.004ms] [34;1m[rows:1][0m SELECT * FROM `sys_api` WHERE `sys_api`.`path` = '/api/v1/gen/apitofile/:tableId' AND `sys_api`.`action` = 'GET' AND `sys_api`.`deleted_at` IS NULL ORDER BY `sys_api`.`id` LIMIT 1
2024-03-28 15:28:20.677+0800 trace [32m/Users/Apple/defeng/kuaiyin/kuaiyin-admin/app/admin/models/sys_api.go:80 [0m[33m[87.870ms] [34;1m[rows:1][0m SELECT * FROM `sys_api` WHERE `sys_api`.`path` = '/api/v1/getinfo' AND `sys_api`.`action` = 'GET' AND `sys_api`.`deleted_at` IS NULL ORDER BY `sys_api`.`id` LIMIT 1
2024-03-28 15:28:20.882+0800 trace [32m/Users/Apple/defeng/kuaiyin/kuaiyin-admin/app/admin/models/sys_api.go:80 [0m[33m[201.487ms] [34;1m[rows:1][0m SELECT * FROM `sys_api` WHERE `sys_api`.`path` = '/api/v1/role' AND `sys_api`.`action` = 'GET' AND `sys_api`.`deleted_at` IS NULL ORDER BY `sys_api`.`id` LIMIT 1
2024-03-28 15:28:21.013+0800 trace [32m/Users/Apple/defeng/kuaiyin/kuaiyin-admin/app/admin/models/sys_api.go:80 [0m[33m[126.629ms] [34;1m[rows:1][0m SELECT * FROM `sys_api` WHERE `sys_api`.`path` = '/api/v1/roleMenuTreeselect/:roleId' AND `sys_api`.`action` = 'GET' AND `sys_api`.`deleted_at` IS NULL ORDER BY `sys_api`.`id` LIMIT 1
2024-03-28 15:28:21.115+0800 trace [32m/Users/Apple/defeng/kuaiyin/kuaiyin-admin/app/admin/models/sys_api.go:80 [0m[33m[100.575ms] [34;1m[rows:1][0m SELECT * FROM `sys_api` WHERE `sys_api`.`path` = '/api/v1/roleDeptTreeselect/:roleId' AND `sys_api`.`action` = 'GET' AND `sys_api`.`deleted_at` IS NULL ORDER BY `sys_api`.`id` LIMIT 1
2024-03-28 15:28:21.218+0800 trace [32m/Users/Apple/defeng/kuaiyin/kuaiyin-admin/app/admin/models/sys_api.go:80 [0m[33m[101.189ms] [34;1m[rows:1][0m SELECT * FROM `sys_api` WHERE `sys_api`.`path` = '/api/v1/role/:id' AND `sys_api`.`action` = 'GET' AND `sys_api`.`deleted_at` IS NULL ORDER BY `sys_api`.`id` LIMIT 1
2024-03-28 15:28:21.379+0800 trace [32m/Users/Apple/defeng/kuaiyin/kuaiyin-admin/app/admin/models/sys_api.go:80 [0m[33m[157.399ms] [34;1m[rows:1][0m SELECT * FROM `sys_api` WHERE `sys_api`.`path` = '/api/v1/refresh_token' AND `sys_api`.`action` = 'GET' AND `sys_api`.`deleted_at` IS NULL ORDER BY `sys_api`.`id` LIMIT 1
2024-03-28 15:28:21.503+0800 trace [32m/Users/Apple/defeng/kuaiyin/kuaiyin-admin/app/admin/models/sys_api.go:80 [0m[33m[120.061ms] [34;1m[rows:1][0m SELECT * FROM `sys_api` WHERE `sys_api`.`path` = '/api/v1/config' AND `sys_api`.`action` = 'GET' AND `sys_api`.`deleted_at` IS NULL ORDER BY `sys_api`.`id` LIMIT 1
2024-03-28 15:28:21.617+0800 trace [32m/Users/Apple/defeng/kuaiyin/kuaiyin-admin/app/admin/models/sys_api.go:80 [0m[33m[111.451ms] [34;1m[rows:1][0m SELECT * FROM `sys_api` WHERE `sys_api`.`path` = '/api/v1/config/:id' AND `sys_api`.`action` = 'GET' AND `sys_api`.`deleted_at` IS NULL ORDER BY `sys_api`.`id` LIMIT 1
2024-03-28 15:28:21.772+0800 trace [32m/Users/Apple/defeng/kuaiyin/kuaiyin-admin/app/admin/models/sys_api.go:80 [0m[33m[153.174ms] [34;1m[rows:1][0m SELECT * FROM `sys_api` WHERE `sys_api`.`path` = '/api/v1/configKey/:configKey' AND `sys_api`.`action` = 'GET' AND `sys_api`.`deleted_at` IS NULL ORDER BY `sys_api`.`id` LIMIT 1
2024-03-28 15:28:21.935+0800 trace [32m/Users/Apple/defeng/kuaiyin/kuaiyin-admin/app/admin/models/sys_api.go:80 [0m[33m[159.441ms] [34;1m[rows:0][0m SELECT * FROM `sys_api` WHERE `sys_api`.`path` = '/api/v1/captcha' AND `sys_api`.`action` = 'GET' AND `sys_api`.`deleted_at` IS NULL ORDER BY `sys_api`.`id` LIMIT 1
2024-03-28 15:28:22.155+0800 trace [32m/Users/Apple/defeng/kuaiyin/kuaiyin-admin/app/admin/models/sys_api.go:80 [0m[33m[219.746ms] [34;1m[rows:1][0m INSERT INTO `sys_api` (`handle`,`title`,`path`,`action`,`type`,`created_at`,`updated_at`,`deleted_at`,`create_by`,`update_by`) VALUES ('go-admin/app/admin/apis.System.GenerateCaptchaHandler-fm','获取验证码','/api/v1/captcha','GET','','2024-03-28 15:28:22.009','2024-03-28 15:28:22.009',NULL,0,0)
2024-03-28 15:28:22.294+0800 trace [32m/Users/Apple/defeng/kuaiyin/kuaiyin-admin/app/admin/models/sys_api.go:80 [0m[33m[135.687ms] [34;1m[rows:1][0m SELECT * FROM `sys_api` WHERE `sys_api`.`path` = '/api/v1/menu' AND `sys_api`.`action` = 'GET' AND `sys_api`.`deleted_at` IS NULL ORDER BY `sys_api`.`id` LIMIT 1
2024-03-28 15:28:22.415+0800 trace [32m/Users/Apple/defeng/kuaiyin/kuaiyin-admin/app/admin/models/sys_api.go:80 [0m[33m[116.642ms] [34;1m[rows:1][0m SELECT * FROM `sys_api` WHERE `sys_api`.`path` = '/api/v1/menu/:id' AND `sys_api`.`action` = 'GET' AND `sys_api`.`deleted_at` IS NULL ORDER BY `sys_api`.`id` LIMIT 1
2024-03-28 15:28:22.555+0800 trace [32m/Users/Apple/defeng/kuaiyin/kuaiyin-admin/app/admin/models/sys_api.go:80 [0m[33m[136.165ms] [34;1m[rows:1][0m SELECT * FROM `sys_api` WHERE `sys_api`.`path` = '/api/v1/menurole' AND `sys_api`.`action` = 'GET' AND `sys_api`.`deleted_at` IS NULL ORDER BY `sys_api`.`id` LIMIT 1
2024-03-28 15:28:22.755+0800 trace [32m/Users/Apple/defeng/kuaiyin/kuaiyin-admin/app/admin/models/sys_api.go:80 [0m[33m[196.521ms] [34;1m[rows:1][0m SELECT * FROM `sys_api` WHERE `sys_api`.`path` = '/api/v1/metrics' AND `sys_api`.`action` = 'GET' AND `sys_api`.`deleted_at` IS NULL ORDER BY `sys_api`.`id` LIMIT 1
2024-03-28 15:28:23.061+0800 trace [32m/Users/Apple/defeng/kuaiyin/kuaiyin-admin/app/admin/models/sys_api.go:80 [0m[33m[303.191ms] [34;1m[rows:1][0m SELECT * FROM `sys_api` WHERE `sys_api`.`path` = '/api/v1/job/remove/:id' AND `sys_api`.`action` = 'GET' AND `sys_api`.`deleted_at` IS NULL ORDER BY `sys_api`.`id` LIMIT 1
2024-03-28 15:28:23.248+0800 trace [32m/Users/Apple/defeng/kuaiyin/kuaiyin-admin/app/admin/models/sys_api.go:80 [0m[33m[182.974ms] [34;1m[rows:1][0m SELECT * FROM `sys_api` WHERE `sys_api`.`path` = '/api/v1/job/start/:id' AND `sys_api`.`action` = 'GET' AND `sys_api`.`deleted_at` IS NULL ORDER BY `sys_api`.`id` LIMIT 1
2024-03-28 15:28:23.397+0800 trace [32m/Users/Apple/defeng/kuaiyin/kuaiyin-admin/app/admin/models/sys_api.go:80 [0m[33m[145.656ms] [34;1m[rows:1][0m SELECT * FROM `sys_api` WHERE `sys_api`.`path` = '/api/v1/post' AND `sys_api`.`action` = 'GET' AND `sys_api`.`deleted_at` IS NULL ORDER BY `sys_api`.`id` LIMIT 1
2024-03-28 15:28:23.483+0800 trace [32m/Users/Apple/defeng/kuaiyin/kuaiyin-admin/app/admin/models/sys_api.go:80 [0m[33m[81.712ms] [34;1m[rows:1][0m SELECT * FROM `sys_api` WHERE `sys_api`.`path` = '/api/v1/post/:id' AND `sys_api`.`action` = 'GET' AND `sys_api`.`deleted_at` IS NULL ORDER BY `sys_api`.`id` LIMIT 1
2024-03-28 15:28:23.657+0800 trace [32m/Users/Apple/defeng/kuaiyin/kuaiyin-admin/app/admin/models/sys_api.go:80 [0m[33m[170.521ms] [34;1m[rows:1][0m SELECT * FROM `sys_api` WHERE `sys_api`.`path` = '/api/v1/health' AND `sys_api`.`action` = 'GET' AND `sys_api`.`deleted_at` IS NULL ORDER BY `sys_api`.`id` LIMIT 1
2024-03-28 15:28:23.881+0800 trace [32m/Users/Apple/defeng/kuaiyin/kuaiyin-admin/app/admin/models/sys_api.go:80 [0m[33m[217.863ms] [34;1m[rows:1][0m SELECT * FROM `sys_api` WHERE `sys_api`.`path` = '/api/v1/app-config' AND `sys_api`.`action` = 'GET' AND `sys_api`.`deleted_at` IS NULL ORDER BY `sys_api`.`id` LIMIT 1
2024-03-28 15:28:24.085+0800 trace [32m/Users/Apple/defeng/kuaiyin/kuaiyin-admin/app/admin/models/sys_api.go:80 [0m[33m[199.311ms] [34;1m[rows:1][0m SELECT * FROM `sys_api` WHERE `sys_api`.`path` = '/api/v1/user/profile' AND `sys_api`.`action` = 'GET' AND `sys_api`.`deleted_at` IS NULL ORDER BY `sys_api`.`id` LIMIT 1
2024-03-28 15:28:24.242+0800 trace [32m/Users/Apple/defeng/kuaiyin/kuaiyin-admin/app/admin/models/sys_api.go:80 [0m[33m[153.264ms] [34;1m[rows:1][0m SELECT * FROM `sys_api` WHERE `sys_api`.`path` = '/static/*filepath' AND `sys_api`.`action` = 'GET' AND `sys_api`.`deleted_at` IS NULL ORDER BY `sys_api`.`id` LIMIT 1
2024-03-28 15:28:24.336+0800 trace [32m/Users/Apple/defeng/kuaiyin/kuaiyin-admin/app/admin/models/sys_api.go:80 [0m[33m[87.241ms] [34;1m[rows:0][0m SELECT * FROM `sys_api` WHERE `sys_api`.`path` = '/swagger/admin/*any' AND `sys_api`.`action` = 'GET' AND `sys_api`.`deleted_at` IS NULL ORDER BY `sys_api`.`id` LIMIT 1
2024-03-28 15:28:24.515+0800 trace [32m/Users/Apple/defeng/kuaiyin/kuaiyin-admin/app/admin/models/sys_api.go:80 [0m[33m[178.843ms] [34;1m[rows:1][0m INSERT INTO `sys_api` (`handle`,`title`,`path`,`action`,`type`,`created_at`,`updated_at`,`deleted_at`,`create_by`,`update_by`) VALUES ('github.com/swaggo/gin-swagger.CustomWrapHandler.func1','','/swagger/admin/*any','GET','','2024-03-28 15:28:24.378','2024-03-28 15:28:24.378',NULL,0,0)
2024-03-28 15:28:24.622+0800 trace [32m/Users/Apple/defeng/kuaiyin/kuaiyin-admin/app/admin/models/sys_api.go:80 [0m[33m[104.452ms] [34;1m[rows:1][0m SELECT * FROM `sys_api` WHERE `sys_api`.`path` = '/ws/:id/:channel' AND `sys_api`.`action` = 'GET' AND `sys_api`.`deleted_at` IS NULL ORDER BY `sys_api`.`id` LIMIT 1
2024-03-28 15:28:24.721+0800 trace [32m/Users/Apple/defeng/kuaiyin/kuaiyin-admin/app/admin/models/sys_api.go:80 [0m[33m[97.428ms] [34;1m[rows:1][0m SELECT * FROM `sys_api` WHERE `sys_api`.`path` = '/wslogout/:id/:channel' AND `sys_api`.`action` = 'GET' AND `sys_api`.`deleted_at` IS NULL ORDER BY `sys_api`.`id` LIMIT 1
2024-03-28 15:28:24.811+0800 trace [32m/Users/Apple/defeng/kuaiyin/kuaiyin-admin/app/admin/models/sys_api.go:80 [0m[33m[86.193ms] [34;1m[rows:1][0m SELECT * FROM `sys_api` WHERE `sys_api`.`path` = '/info' AND `sys_api`.`action` = 'GET' AND `sys_api`.`deleted_at` IS NULL ORDER BY `sys_api`.`id` LIMIT 1
2024-03-28 15:28:24.898+0800 trace [32m/Users/Apple/defeng/kuaiyin/kuaiyin-admin/app/admin/models/sys_api.go:80 [0m[33m[83.697ms] [34;1m[rows:1][0m SELECT * FROM `sys_api` WHERE `sys_api`.`path` = '/form-generator/*filepath' AND `sys_api`.`action` = 'GET' AND `sys_api`.`deleted_at` IS NULL ORDER BY `sys_api`.`id` LIMIT 1
2024-03-28 15:28:24.988+0800 trace [32m/Users/Apple/defeng/kuaiyin/kuaiyin-admin/app/admin/models/sys_api.go:80 [0m[33m[87.206ms] [34;1m[rows:1][0m SELECT * FROM `sys_api` WHERE `sys_api`.`path` = '/api/v1/dict/data' AND `sys_api`.`action` = 'POST' AND `sys_api`.`deleted_at` IS NULL ORDER BY `sys_api`.`id` LIMIT 1
2024-03-28 15:28:25.071+0800 trace [32m/Users/Apple/defeng/kuaiyin/kuaiyin-admin/app/admin/models/sys_api.go:80 [0m[33m[79.401ms] [34;1m[rows:1][0m SELECT * FROM `sys_api` WHERE `sys_api`.`path` = '/api/v1/dict/type' AND `sys_api`.`action` = 'POST' AND `sys_api`.`deleted_at` IS NULL ORDER BY `sys_api`.`id` LIMIT 1
2024-03-28 15:28:25.225+0800 trace [32m/Users/Apple/defeng/kuaiyin/kuaiyin-admin/app/admin/models/sys_api.go:80 [0m[33m[151.035ms] [34;1m[rows:1][0m SELECT * FROM `sys_api` WHERE `sys_api`.`path` = '/api/v1/dept' AND `sys_api`.`action` = 'POST' AND `sys_api`.`deleted_at` IS NULL ORDER BY `sys_api`.`id` LIMIT 1
2024-03-28 15:28:25.314+0800 trace [32m/Users/Apple/defeng/kuaiyin/kuaiyin-admin/app/admin/models/sys_api.go:80 [0m[33m[85.273ms] [34;1m[rows:1][0m SELECT * FROM `sys_api` WHERE `sys_api`.`path` = '/api/v1/sysjob' AND `sys_api`.`action` = 'POST' AND `sys_api`.`deleted_at` IS NULL ORDER BY `sys_api`.`id` LIMIT 1
2024-03-28 15:28:25.417+0800 trace [32m/Users/Apple/defeng/kuaiyin/kuaiyin-admin/app/admin/models/sys_api.go:80 [0m[33m[100.000ms] [34;1m[rows:1][0m SELECT * FROM `sys_api` WHERE `sys_api`.`path` = '/api/v1/sys/tables/info' AND `sys_api`.`action` = 'POST' AND `sys_api`.`deleted_at` IS NULL ORDER BY `sys_api`.`id` LIMIT 1
2024-03-28 15:28:25.504+0800 trace [32m/Users/Apple/defeng/kuaiyin/kuaiyin-admin/app/admin/models/sys_api.go:80 [0m[33m[83.816ms] [34;1m[rows:1][0m SELECT * FROM `sys_api` WHERE `sys_api`.`path` = '/api/v1/sys-user' AND `sys_api`.`action` = 'POST' AND `sys_api`.`deleted_at` IS NULL ORDER BY `sys_api`.`id` LIMIT 1
2024-03-28 15:28:25.622+0800 trace [32m/Users/Apple/defeng/kuaiyin/kuaiyin-admin/app/admin/models/sys_api.go:80 [0m[33m[114.667ms] [34;1m[rows:1][0m SELECT * FROM `sys_api` WHERE `sys_api`.`path` = '/api/v1/login' AND `sys_api`.`action` = 'POST' AND `sys_api`.`deleted_at` IS NULL ORDER BY `sys_api`.`id` LIMIT 1
2024-03-28 15:28:25.707+0800 trace [32m/Users/Apple/defeng/kuaiyin/kuaiyin-admin/app/admin/models/sys_api.go:80 [0m[33m[83.717ms] [34;1m[rows:1][0m SELECT * FROM `sys_api` WHERE `sys_api`.`path` = '/api/v1/logout' AND `sys_api`.`action` = 'POST' AND `sys_api`.`deleted_at` IS NULL ORDER BY `sys_api`.`id` LIMIT 1
2024-03-28 15:28:25.791+0800 trace [32m/Users/Apple/defeng/kuaiyin/kuaiyin-admin/app/admin/models/sys_api.go:80 [0m[33m[80.690ms] [34;1m[rows:1][0m SELECT * FROM `sys_api` WHERE `sys_api`.`path` = '/api/v1/public/uploadFile' AND `sys_api`.`action` = 'POST' AND `sys_api`.`deleted_at` IS NULL ORDER BY `sys_api`.`id` LIMIT 1
2024-03-28 15:28:25.907+0800 trace [32m/Users/Apple/defeng/kuaiyin/kuaiyin-admin/app/admin/models/sys_api.go:80 [0m[33m[112.921ms] [34;1m[rows:1][0m SELECT * FROM `sys_api` WHERE `sys_api`.`path` = '/api/v1/post' AND `sys_api`.`action` = 'POST' AND `sys_api`.`deleted_at` IS NULL ORDER BY `sys_api`.`id` LIMIT 1
2024-03-28 15:28:26.031+0800 trace [32m/Users/Apple/defeng/kuaiyin/kuaiyin-admin/app/admin/models/sys_api.go:80 [0m[33m[117.227ms] [34;1m[rows:1][0m SELECT * FROM `sys_api` WHERE `sys_api`.`path` = '/api/v1/config' AND `sys_api`.`action` = 'POST' AND `sys_api`.`deleted_at` IS NULL ORDER BY `sys_api`.`id` LIMIT 1
2024-03-28 15:28:26.149+0800 trace [32m/Users/Apple/defeng/kuaiyin/kuaiyin-admin/app/admin/models/sys_api.go:80 [0m[33m[114.391ms] [34;1m[rows:1][0m SELECT * FROM `sys_api` WHERE `sys_api`.`path` = '/api/v1/menu' AND `sys_api`.`action` = 'POST' AND `sys_api`.`deleted_at` IS NULL ORDER BY `sys_api`.`id` LIMIT 1
2024-03-28 15:28:26.299+0800 trace [32m/Users/Apple/defeng/kuaiyin/kuaiyin-admin/app/admin/models/sys_api.go:80 [0m[33m[147.479ms] [34;1m[rows:1][0m SELECT * FROM `sys_api` WHERE `sys_api`.`path` = '/api/v1/role' AND `sys_api`.`action` = 'POST' AND `sys_api`.`deleted_at` IS NULL ORDER BY `sys_api`.`id` LIMIT 1
2024-03-28 15:28:26.401+0800 trace [32m/Users/Apple/defeng/kuaiyin/kuaiyin-admin/app/admin/models/sys_api.go:80 [0m[33m[98.267ms] [34;1m[rows:1][0m SELECT * FROM `sys_api` WHERE `sys_api`.`path` = '/api/v1/user/avatar' AND `sys_api`.`action` = 'POST' AND `sys_api`.`deleted_at` IS NULL ORDER BY `sys_api`.`id` LIMIT 1
2024-03-28 15:28:26.545+0800 trace [32m/Users/Apple/defeng/kuaiyin/kuaiyin-admin/app/admin/models/sys_api.go:80 [0m[33m[141.556ms] [34;1m[rows:1][0m SELECT * FROM `sys_api` WHERE `sys_api`.`path` = '/api/v1/sys-api/:id' AND `sys_api`.`action` = 'PUT' AND `sys_api`.`deleted_at` IS NULL ORDER BY `sys_api`.`id` LIMIT 1
2024-03-28 15:28:26.748+0800 trace [32m/Users/Apple/defeng/kuaiyin/kuaiyin-admin/app/admin/models/sys_api.go:80 [0m[33m[197.975ms] [34;1m[rows:1][0m SELECT * FROM `sys_api` WHERE `sys_api`.`path` = '/api/v1/sys-user' AND `sys_api`.`action` = 'PUT' AND `sys_api`.`deleted_at` IS NULL ORDER BY `sys_api`.`id` LIMIT 1
2024-03-28 15:28:26.894+0800 trace [32m/Users/Apple/defeng/kuaiyin/kuaiyin-admin/app/admin/models/sys_api.go:80 [0m[33m[142.981ms] [34;1m[rows:1][0m SELECT * FROM `sys_api` WHERE `sys_api`.`path` = '/api/v1/sysjob' AND `sys_api`.`action` = 'PUT' AND `sys_api`.`deleted_at` IS NULL ORDER BY `sys_api`.`id` LIMIT 1
2024-03-28 15:28:26.989+0800 trace [32m/Users/Apple/defeng/kuaiyin/kuaiyin-admin/app/admin/models/sys_api.go:80 [0m[33m[91.183ms] [34;1m[rows:1][0m SELECT * FROM `sys_api` WHERE `sys_api`.`path` = '/api/v1/sys/tables/info' AND `sys_api`.`action` = 'PUT' AND `sys_api`.`deleted_at` IS NULL ORDER BY `sys_api`.`id` LIMIT 1
2024-03-28 15:28:27.091+0800 trace [32m/Users/Apple/defeng/kuaiyin/kuaiyin-admin/app/admin/models/sys_api.go:80 [0m[33m[98.383ms] [34;1m[rows:1][0m SELECT * FROM `sys_api` WHERE `sys_api`.`path` = '/api/v1/set-config' AND `sys_api`.`action` = 'PUT' AND `sys_api`.`deleted_at` IS NULL ORDER BY `sys_api`.`id` LIMIT 1
2024-03-28 15:28:27.203+0800 trace [32m/Users/Apple/defeng/kuaiyin/kuaiyin-admin/app/admin/models/sys_api.go:80 [0m[33m[108.528ms] [34;1m[rows:1][0m SELECT * FROM `sys_api` WHERE `sys_api`.`path` = '/api/v1/dict/data/:dictCode' AND `sys_api`.`action` = 'PUT' AND `sys_api`.`deleted_at` IS NULL ORDER BY `sys_api`.`id` LIMIT 1
2024-03-28 15:28:27.338+0800 trace [32m/Users/Apple/defeng/kuaiyin/kuaiyin-admin/app/admin/models/sys_api.go:80 [0m[33m[132.840ms] [34;1m[rows:1][0m SELECT * FROM `sys_api` WHERE `sys_api`.`path` = '/api/v1/dict/type/:id' AND `sys_api`.`action` = 'PUT' AND `sys_api`.`deleted_at` IS NULL ORDER BY `sys_api`.`id` LIMIT 1
2024-03-28 15:28:27.437+0800 trace [32m/Users/Apple/defeng/kuaiyin/kuaiyin-admin/app/admin/models/sys_api.go:80 [0m[33m[95.195ms] [34;1m[rows:1][0m SELECT * FROM `sys_api` WHERE `sys_api`.`path` = '/api/v1/dept/:id' AND `sys_api`.`action` = 'PUT' AND `sys_api`.`deleted_at` IS NULL ORDER BY `sys_api`.`id` LIMIT 1
2024-03-28 15:28:27.636+0800 trace [32m/Users/Apple/defeng/kuaiyin/kuaiyin-admin/app/admin/models/sys_api.go:80 [0m[33m[196.500ms] [34;1m[rows:1][0m SELECT * FROM `sys_api` WHERE `sys_api`.`path` = '/api/v1/role/:id' AND `sys_api`.`action` = 'PUT' AND `sys_api`.`deleted_at` IS NULL ORDER BY `sys_api`.`id` LIMIT 1
2024-03-28 15:28:27.837+0800 trace [32m/Users/Apple/defeng/kuaiyin/kuaiyin-admin/app/admin/models/sys_api.go:80 [0m[33m[199.892ms] [34;1m[rows:1][0m SELECT * FROM `sys_api` WHERE `sys_api`.`path` = '/api/v1/role-status' AND `sys_api`.`action` = 'PUT' AND `sys_api`.`deleted_at` IS NULL ORDER BY `sys_api`.`id` LIMIT 1
2024-03-28 15:28:27.956+0800 trace [32m/Users/Apple/defeng/kuaiyin/kuaiyin-admin/app/admin/models/sys_api.go:80 [0m[33m[115.873ms] [34;1m[rows:1][0m SELECT * FROM `sys_api` WHERE `sys_api`.`path` = '/api/v1/roledatascope' AND `sys_api`.`action` = 'PUT' AND `sys_api`.`deleted_at` IS NULL ORDER BY `sys_api`.`id` LIMIT 1
2024-03-28 15:28:28.078+0800 trace [32m/Users/Apple/defeng/kuaiyin/kuaiyin-admin/app/admin/models/sys_api.go:80 [0m[33m[119.475ms] [34;1m[rows:0][0m SELECT * FROM `sys_api` WHERE `sys_api`.`path` = '/api/v1/user/pwd/set' AND `sys_api`.`action` = 'PUT' AND `sys_api`.`deleted_at` IS NULL ORDER BY `sys_api`.`id` LIMIT 1
2024-03-28 15:28:28.284+0800 trace [32m/Users/Apple/defeng/kuaiyin/kuaiyin-admin/app/admin/models/sys_api.go:80 [0m[33m[205.190ms] [34;1m[rows:1][0m INSERT INTO `sys_api` (`handle`,`title`,`path`,`action`,`type`,`created_at`,`updated_at`,`deleted_at`,`create_by`,`update_by`) VALUES ('go-admin/app/admin/apis.SysUser.UpdatePwd-fm','修改密码','/api/v1/user/pwd/set','PUT','','2024-03-28 15:28:28.118','2024-03-28 15:28:28.118',NULL,0,0)
2024-03-28 15:28:28.386+0800 trace [32m/Users/Apple/defeng/kuaiyin/kuaiyin-admin/app/admin/models/sys_api.go:80 [0m[33m[98.771ms] [34;1m[rows:1][0m SELECT * FROM `sys_api` WHERE `sys_api`.`path` = '/api/v1/user/pwd/reset' AND `sys_api`.`action` = 'PUT' AND `sys_api`.`deleted_at` IS NULL ORDER BY `sys_api`.`id` LIMIT 1
2024-03-28 15:28:28.476+0800 trace [32m/Users/Apple/defeng/kuaiyin/kuaiyin-admin/app/admin/models/sys_api.go:80 [0m[33m[87.018ms] [34;1m[rows:1][0m SELECT * FROM `sys_api` WHERE `sys_api`.`path` = '/api/v1/user/status' AND `sys_api`.`action` = 'PUT' AND `sys_api`.`deleted_at` IS NULL ORDER BY `sys_api`.`id` LIMIT 1
2024-03-28 15:28:28.637+0800 trace [32m/Users/Apple/defeng/kuaiyin/kuaiyin-admin/app/admin/models/sys_api.go:80 [0m[33m[153.184ms] [34;1m[rows:1][0m SELECT * FROM `sys_api` WHERE `sys_api`.`path` = '/api/v1/config/:id' AND `sys_api`.`action` = 'PUT' AND `sys_api`.`deleted_at` IS NULL ORDER BY `sys_api`.`id` LIMIT 1
2024-03-28 15:28:28.755+0800 trace [32m/Users/Apple/defeng/kuaiyin/kuaiyin-admin/app/admin/models/sys_api.go:80 [0m[33m[117.244ms] [34;1m[rows:1][0m SELECT * FROM `sys_api` WHERE `sys_api`.`path` = '/api/v1/menu/:id' AND `sys_api`.`action` = 'PUT' AND `sys_api`.`deleted_at` IS NULL ORDER BY `sys_api`.`id` LIMIT 1
2024-03-28 15:28:28.837+0800 trace [32m/Users/Apple/defeng/kuaiyin/kuaiyin-admin/app/admin/models/sys_api.go:80 [0m[33m[79.469ms] [34;1m[rows:1][0m SELECT * FROM `sys_api` WHERE `sys_api`.`path` = '/api/v1/post/:id' AND `sys_api`.`action` = 'PUT' AND `sys_api`.`deleted_at` IS NULL ORDER BY `sys_api`.`id` LIMIT 1
2024-03-28 15:28:29.000+0800 trace [32m/Users/Apple/defeng/kuaiyin/kuaiyin-admin/app/admin/models/sys_api.go:80 [0m[33m[160.262ms] [34;1m[rows:1][0m SELECT * FROM `sys_api` WHERE `sys_api`.`path` = '/api/v1/sys-login-log' AND `sys_api`.`action` = 'DELETE' AND `sys_api`.`deleted_at` IS NULL ORDER BY `sys_api`.`id` LIMIT 1
2024-03-28 15:28:29.123+0800 trace [32m/Users/Apple/defeng/kuaiyin/kuaiyin-admin/app/admin/models/sys_api.go:80 [0m[33m[119.710ms] [34;1m[rows:1][0m SELECT * FROM `sys_api` WHERE `sys_api`.`path` = '/api/v1/sys-opera-log' AND `sys_api`.`action` = 'DELETE' AND `sys_api`.`deleted_at` IS NULL ORDER BY `sys_api`.`id` LIMIT 1
2024-03-28 15:28:29.235+0800 trace [32m/Users/Apple/defeng/kuaiyin/kuaiyin-admin/app/admin/models/sys_api.go:80 [0m[33m[109.819ms] [34;1m[rows:1][0m SELECT * FROM `sys_api` WHERE `sys_api`.`path` = '/api/v1/sys-user' AND `sys_api`.`action` = 'DELETE' AND `sys_api`.`deleted_at` IS NULL ORDER BY `sys_api`.`id` LIMIT 1
2024-03-28 15:28:29.355+0800 trace [32m/Users/Apple/defeng/kuaiyin/kuaiyin-admin/app/admin/models/sys_api.go:80 [0m[33m[118.319ms] [34;1m[rows:1][0m SELECT * FROM `sys_api` WHERE `sys_api`.`path` = '/api/v1/sysjob' AND `sys_api`.`action` = 'DELETE' AND `sys_api`.`deleted_at` IS NULL ORDER BY `sys_api`.`id` LIMIT 1
2024-03-28 15:28:29.456+0800 trace [32m/Users/Apple/defeng/kuaiyin/kuaiyin-admin/app/admin/models/sys_api.go:80 [0m[33m[97.014ms] [34;1m[rows:1][0m SELECT * FROM `sys_api` WHERE `sys_api`.`path` = '/api/v1/sys/tables/info/:tableId' AND `sys_api`.`action` = 'DELETE' AND `sys_api`.`deleted_at` IS NULL ORDER BY `sys_api`.`id` LIMIT 1
2024-03-28 15:28:29.617+0800 trace [32m/Users/Apple/defeng/kuaiyin/kuaiyin-admin/app/admin/models/sys_api.go:80 [0m[33m[157.097ms] [34;1m[rows:1][0m SELECT * FROM `sys_api` WHERE `sys_api`.`path` = '/api/v1/dict/data' AND `sys_api`.`action` = 'DELETE' AND `sys_api`.`deleted_at` IS NULL ORDER BY `sys_api`.`id` LIMIT 1
2024-03-28 15:28:29.717+0800 trace [32m/Users/Apple/defeng/kuaiyin/kuaiyin-admin/app/admin/models/sys_api.go:80 [0m[33m[96.100ms] [34;1m[rows:1][0m SELECT * FROM `sys_api` WHERE `sys_api`.`path` = '/api/v1/dict/type' AND `sys_api`.`action` = 'DELETE' AND `sys_api`.`deleted_at` IS NULL ORDER BY `sys_api`.`id` LIMIT 1
2024-03-28 15:28:29.924+0800 trace [32m/Users/Apple/defeng/kuaiyin/kuaiyin-admin/app/admin/models/sys_api.go:80 [0m[33m[204.074ms] [34;1m[rows:0][0m SELECT * FROM `sys_api` WHERE `sys_api`.`path` = '/api/v1/dept' AND `sys_api`.`action` = 'DELETE' AND `sys_api`.`deleted_at` IS NULL ORDER BY `sys_api`.`id` LIMIT 1
2024-03-28 15:28:30.132+0800 trace [32m/Users/Apple/defeng/kuaiyin/kuaiyin-admin/app/admin/models/sys_api.go:80 [0m[33m[207.809ms] [34;1m[rows:1][0m INSERT INTO `sys_api` (`handle`,`title`,`path`,`action`,`type`,`created_at`,`updated_at`,`deleted_at`,`create_by`,`update_by`) VALUES ('go-admin/app/admin/apis.SysDept.Delete-fm','删除部门','/api/v1/dept','DELETE','','2024-03-28 15:28:29.97','2024-03-28 15:28:29.97',NULL,0,0)
2024-03-28 15:28:30.253+0800 trace [32m/Users/Apple/defeng/kuaiyin/kuaiyin-admin/app/admin/models/sys_api.go:80 [0m[33m[117.653ms] [34;1m[rows:1][0m SELECT * FROM `sys_api` WHERE `sys_api`.`path` = '/api/v1/config' AND `sys_api`.`action` = 'DELETE' AND `sys_api`.`deleted_at` IS NULL ORDER BY `sys_api`.`id` LIMIT 1
2024-03-28 15:28:30.381+0800 trace [32m/Users/Apple/defeng/kuaiyin/kuaiyin-admin/app/admin/models/sys_api.go:80 [0m[33m[124.787ms] [34;1m[rows:1][0m SELECT * FROM `sys_api` WHERE `sys_api`.`path` = '/api/v1/menu' AND `sys_api`.`action` = 'DELETE' AND `sys_api`.`deleted_at` IS NULL ORDER BY `sys_api`.`id` LIMIT 1
2024-03-28 15:28:30.503+0800 trace [32m/Users/Apple/defeng/kuaiyin/kuaiyin-admin/app/admin/models/sys_api.go:80 [0m[33m[119.036ms] [34;1m[rows:0][0m SELECT * FROM `sys_api` WHERE `sys_api`.`path` = '/api/v1/post' AND `sys_api`.`action` = 'DELETE' AND `sys_api`.`deleted_at` IS NULL ORDER BY `sys_api`.`id` LIMIT 1
2024-03-28 15:28:30.770+0800 trace [32m/Users/Apple/defeng/kuaiyin/kuaiyin-admin/app/admin/models/sys_api.go:80 [0m[33m[266.507ms] [34;1m[rows:1][0m INSERT INTO `sys_api` (`handle`,`title`,`path`,`action`,`type`,`created_at`,`updated_at`,`deleted_at`,`create_by`,`update_by`) VALUES ('go-admin/app/admin/apis.SysPost.Delete-fm','删除岗位','/api/v1/post','DELETE','','2024-03-28 15:28:30.562','2024-03-28 15:28:30.562',NULL,0,0)
2024-03-28 15:28:30.915+0800 trace [32m/Users/Apple/defeng/kuaiyin/kuaiyin-admin/app/admin/models/sys_api.go:80 [0m[33m[142.314ms] [34;1m[rows:1][0m SELECT * FROM `sys_api` WHERE `sys_api`.`path` = '/api/v1/role' AND `sys_api`.`action` = 'DELETE' AND `sys_api`.`deleted_at` IS NULL ORDER BY `sys_api`.`id` LIMIT 1
2024-03-28 15:28:31.011+0800 trace [32m/Users/Apple/defeng/kuaiyin/kuaiyin-admin/app/admin/models/sys_api.go:80 [0m[33m[94.648ms] [34;1m[rows:1][0m SELECT * FROM `sys_api` WHERE `sys_api`.`path` = '/static/*filepath' AND `sys_api`.`action` = 'HEAD' AND `sys_api`.`deleted_at` IS NULL ORDER BY `sys_api`.`id` LIMIT 1
2024-03-28 15:28:31.192+0800 trace [32m/Users/Apple/defeng/kuaiyin/kuaiyin-admin/app/admin/models/sys_api.go:80 [0m[33m[177.156ms] [34;1m[rows:1][0m SELECT * FROM `sys_api` WHERE `sys_api`.`path` = '/form-generator/*filepath' AND `sys_api`.`action` = 'HEAD' AND `sys_api`.`deleted_at` IS NULL ORDER BY `sys_api`.`id` LIMIT 1
